{"/Users/bytedance/Workspace/DreaminaTool/src/core/base-feature.ts": {"path":"/Users/bytedance/Workspace/DreaminaTool/src/core/base-feature.ts","statementMap":{"0":{"start":{"line":35,"column":4},"end":{"line":35,"column":50}},"1":{"start":{"line":36,"column":4},"end":{"line":36,"column":40}},"2":{"start":{"line":37,"column":4},"end":{"line":37,"column":49}},"3":{"start":{"line":38,"column":4},"end":{"line":38,"column":37}},"4":{"start":{"line":39,"column":4},"end":{"line":39,"column":23}},"5":{"start":{"line":40,"column":4},"end":{"line":40,"column":25}},"6":{"start":{"line":41,"column":4},"end":{"line":41,"column":45}},"7":{"start":{"line":49,"column":4},"end":{"line":49,"column":25}},"8":{"start":{"line":58,"column":4},"end":{"line":58,"column":25}},"9":{"start":{"line":65,"column":4},"end":{"line":65,"column":41}},"10":{"start":{"line":74,"column":4},"end":{"line":74,"column":42}},"11":{"start":{"line":74,"column":29},"end":{"line":74,"column":42}},"12":{"start":{"line":75,"column":4},"end":{"line":75,"column":24}},"13":{"start":{"line":76,"column":4},"end":{"line":76,"column":16}},"14":{"start":{"line":83,"column":4},"end":{"line":83,"column":24}},"15":{"start":{"line":90,"column":4},"end":{"line":90,"column":25}},"16":{"start":{"line":21,"column":0},"end":{"line":21,"column":21}}},"fnMap":{"0":{"name":"(anonymous_0)","decl":{"start":{"line":34,"column":2},"end":{"line":34,"column":14}},"loc":{"start":{"line":34,"column":42},"end":{"line":42,"column":3}}},"1":{"name":"(anonymous_1)","decl":{"start":{"line":48,"column":2},"end":{"line":48,"column":6}},"loc":{"start":{"line":48,"column":32},"end":{"line":50,"column":3}}},"2":{"name":"(anonymous_2)","decl":{"start":{"line":55,"column":2},"end":{"line":55,"column":9}},"loc":{"start":{"line":55,"column":9},"end":{"line":59,"column":3}}},"3":{"name":"(anonymous_3)","decl":{"start":{"line":64,"column":2},"end":{"line":64,"column":13}},"loc":{"start":{"line":64,"column":13},"end":{"line":66,"column":3}}},"4":{"name":"(anonymous_4)","decl":{"start":{"line":72,"column":2},"end":{"line":72,"column":7}},"loc":{"start":{"line":72,"column":7},"end":{"line":77,"column":3}}},"5":{"name":"(anonymous_5)","decl":{"start":{"line":82,"column":2},"end":{"line":82,"column":8}},"loc":{"start":{"line":82,"column":8},"end":{"line":84,"column":3}}},"6":{"name":"(anonymous_6)","decl":{"start":{"line":89,"column":2},"end":{"line":89,"column":9}},"loc":{"start":{"line":89,"column":9},"end":{"line":91,"column":3}}}},"branchMap":{"0":{"loc":{"start":{"line":34,"column":14},"end":{"line":34,"column":42}},"type":"default-arg","locations":[{"start":{"line":34,"column":40},"end":{"line":34,"column":42}}]},"1":{"loc":{"start":{"line":35,"column":14},"end":{"line":35,"column":49}},"type":"binary-expr","locations":[{"start":{"line":35,"column":14},"end":{"line":35,"column":24}},{"start":{"line":35,"column":28},"end":{"line":35,"column":49}}]},"2":{"loc":{"start":{"line":36,"column":16},"end":{"line":36,"column":39}},"type":"binary-expr","locations":[{"start":{"line":36,"column":16},"end":{"line":36,"column":28}},{"start":{"line":36,"column":32},"end":{"line":36,"column":39}}]},"3":{"loc":{"start":{"line":37,"column":23},"end":{"line":37,"column":48}},"type":"binary-expr","locations":[{"start":{"line":37,"column":23},"end":{"line":37,"column":42}},{"start":{"line":37,"column":46},"end":{"line":37,"column":48}}]},"4":{"loc":{"start":{"line":38,"column":17},"end":{"line":38,"column":36}},"type":"binary-expr","locations":[{"start":{"line":38,"column":17},"end":{"line":38,"column":30}},{"start":{"line":38,"column":34},"end":{"line":38,"column":36}}]},"5":{"loc":{"start":{"line":65,"column":11},"end":{"line":65,"column":40}},"type":"binary-expr","locations":[{"start":{"line":65,"column":11},"end":{"line":65,"column":23}},{"start":{"line":65,"column":27},"end":{"line":65,"column":40}}]},"6":{"loc":{"start":{"line":74,"column":4},"end":{"line":74,"column":42}},"type":"if","locations":[{"start":{"line":74,"column":4},"end":{"line":74,"column":42}}]}},"s":{"0":5,"1":5,"2":5,"3":5,"4":5,"5":5,"6":5,"7":5,"8":2,"9":10,"10":4,"11":0,"12":4,"13":4,"14":1,"15":2,"16":2},"f":{"0":5,"1":5,"2":2,"3":10,"4":4,"5":1,"6":2},"b":{"0":[0],"1":[5,0],"2":[5,0],"3":[5,0],"4":[5,0],"5":[10,8],"6":[0]}}
,"/Users/bytedance/Workspace/DreaminaTool/src/core/engine.ts": {"path":"/Users/bytedance/Workspace/DreaminaTool/src/core/engine.ts","statementMap":{"0":{"start":{"line":28,"column":4},"end":{"line":32,"column":6}},"1":{"start":{"line":33,"column":4},"end":{"line":33,"column":30}},"2":{"start":{"line":34,"column":4},"end":{"line":34,"column":33}},"3":{"start":{"line":35,"column":4},"end":{"line":35,"column":25}},"4":{"start":{"line":36,"column":4},"end":{"line":36,"column":29}},"5":{"start":{"line":37,"column":4},"end":{"line":37,"column":39}},"6":{"start":{"line":44,"column":4},"end":{"line":48,"column":6}},"7":{"start":{"line":45,"column":31},"end":{"line":45,"column":94}},"8":{"start":{"line":46,"column":32},"end":{"line":46,"column":96}},"9":{"start":{"line":47,"column":33},"end":{"line":47,"column":73}},"10":{"start":{"line":56,"column":4},"end":{"line":59,"column":5}},"11":{"start":{"line":57,"column":6},"end":{"line":57,"column":51}},"12":{"start":{"line":58,"column":6},"end":{"line":58,"column":18}},"13":{"start":{"line":61,"column":4},"end":{"line":61,"column":43}},"14":{"start":{"line":64,"column":4},"end":{"line":70,"column":5}},"15":{"start":{"line":65,"column":6},"end":{"line":69,"column":7}},"16":{"start":{"line":66,"column":8},"end":{"line":66,"column":27}},"17":{"start":{"line":68,"column":8},"end":{"line":68,"column":58}},"18":{"start":{"line":72,"column":4},"end":{"line":72,"column":45}},"19":{"start":{"line":73,"column":4},"end":{"line":73,"column":16}},"20":{"start":{"line":81,"column":20},"end":{"line":81,"column":48}},"21":{"start":{"line":82,"column":4},"end":{"line":88,"column":5}},"22":{"start":{"line":83,"column":6},"end":{"line":87,"column":7}},"23":{"start":{"line":84,"column":8},"end":{"line":84,"column":26}},"24":{"start":{"line":86,"column":8},"end":{"line":86,"column":56}},"25":{"start":{"line":89,"column":4},"end":{"line":89,"column":36}},"26":{"start":{"line":90,"column":4},"end":{"line":90,"column":43}},"27":{"start":{"line":91,"column":4},"end":{"line":91,"column":16}},"28":{"start":{"line":100,"column":4},"end":{"line":100,"column":39}},"29":{"start":{"line":101,"column":4},"end":{"line":101,"column":41}},"30":{"start":{"line":102,"column":4},"end":{"line":102,"column":16}},"31":{"start":{"line":110,"column":4},"end":{"line":118,"column":5}},"32":{"start":{"line":111,"column":6},"end":{"line":117,"column":7}},"33":{"start":{"line":112,"column":8},"end":{"line":114,"column":9}},"34":{"start":{"line":113,"column":10},"end":{"line":113,"column":29}},"35":{"start":{"line":116,"column":8},"end":{"line":116,"column":50}},"36":{"start":{"line":119,"column":4},"end":{"line":119,"column":28}},"37":{"start":{"line":122,"column":4},"end":{"line":122,"column":25}},"38":{"start":{"line":125,"column":4},"end":{"line":125,"column":30}},"39":{"start":{"line":128,"column":4},"end":{"line":128,"column":33}},"40":{"start":{"line":130,"column":4},"end":{"line":130,"column":30}},"41":{"start":{"line":131,"column":4},"end":{"line":131,"column":16}},"42":{"start":{"line":138,"column":4},"end":{"line":140,"column":7}},"43":{"start":{"line":139,"column":6},"end":{"line":139,"column":44}},"44":{"start":{"line":142,"column":23},"end":{"line":142,"column":72}},"45":{"start":{"line":143,"column":4},"end":{"line":148,"column":5}},"46":{"start":{"line":144,"column":6},"end":{"line":144,"column":67}},"47":{"start":{"line":145,"column":6},"end":{"line":145,"column":35}},"48":{"start":{"line":147,"column":6},"end":{"line":147,"column":65}},"49":{"start":{"line":156,"column":30},"end":{"line":156,"column":47}},"50":{"start":{"line":157,"column":33},"end":{"line":157,"column":53}},"51":{"start":{"line":159,"column":4},"end":{"line":162,"column":6}},"52":{"start":{"line":160,"column":6},"end":{"line":160,"column":45}},"53":{"start":{"line":161,"column":6},"end":{"line":161,"column":31}},"54":{"start":{"line":164,"column":4},"end":{"line":167,"column":6}},"55":{"start":{"line":165,"column":6},"end":{"line":165,"column":48}},"56":{"start":{"line":166,"column":6},"end":{"line":166,"column":31}},"57":{"start":{"line":170,"column":4},"end":{"line":170,"column":72}},"58":{"start":{"line":170,"column":46},"end":{"line":170,"column":70}},"59":{"start":{"line":172,"column":4},"end":{"line":172,"column":32}},"60":{"start":{"line":179,"column":4},"end":{"line":179,"column":54}},"61":{"start":{"line":180,"column":4},"end":{"line":180,"column":46}},"62":{"start":{"line":189,"column":4},"end":{"line":198,"column":5}},"63":{"start":{"line":190,"column":6},"end":{"line":197,"column":7}},"64":{"start":{"line":191,"column":8},"end":{"line":194,"column":9}},"65":{"start":{"line":192,"column":10},"end":{"line":192,"column":26}},"66":{"start":{"line":193,"column":10},"end":{"line":193,"column":42}},"67":{"start":{"line":196,"column":8},"end":{"line":196,"column":49}},"68":{"start":{"line":209,"column":4},"end":{"line":211,"column":5}},"69":{"start":{"line":210,"column":6},"end":{"line":210,"column":19}},"70":{"start":{"line":214,"column":4},"end":{"line":217,"column":5}},"71":{"start":{"line":216,"column":6},"end":{"line":216,"column":18}},"72":{"start":{"line":220,"column":4},"end":{"line":234,"column":7}},"73":{"start":{"line":222,"column":6},"end":{"line":224,"column":7}},"74":{"start":{"line":223,"column":8},"end":{"line":223,"column":21}},"75":{"start":{"line":227,"column":25},"end":{"line":227,"column":56}},"76":{"start":{"line":228,"column":6},"end":{"line":231,"column":7}},"77":{"start":{"line":229,"column":8},"end":{"line":229,"column":50}},"78":{"start":{"line":230,"column":8},"end":{"line":230,"column":21}},"79":{"start":{"line":233,"column":6},"end":{"line":233,"column":63}},"80":{"start":{"line":241,"column":4},"end":{"line":243,"column":5}},"81":{"start":{"line":242,"column":6},"end":{"line":242,"column":33}},"82":{"start":{"line":246,"column":4},"end":{"line":254,"column":5}},"83":{"start":{"line":247,"column":6},"end":{"line":253,"column":7}},"84":{"start":{"line":248,"column":8},"end":{"line":250,"column":9}},"85":{"start":{"line":249,"column":10},"end":{"line":249,"column":28}},"86":{"start":{"line":252,"column":8},"end":{"line":252,"column":49}},"87":{"start":{"line":256,"column":4},"end":{"line":256,"column":29}},"88":{"start":{"line":257,"column":4},"end":{"line":257,"column":16}},"89":{"start":{"line":265,"column":4},"end":{"line":265,"column":33}},"90":{"start":{"line":15,"column":0},"end":{"line":15,"column":21}}},"fnMap":{"0":{"name":"(anonymous_0)","decl":{"start":{"line":27,"column":2},"end":{"line":27,"column":14}},"loc":{"start":{"line":27,"column":39},"end":{"line":38,"column":3}}},"1":{"name":"(anonymous_1)","decl":{"start":{"line":43,"column":10},"end":{"line":43,"column":23}},"loc":{"start":{"line":43,"column":23},"end":{"line":49,"column":3}}},"2":{"name":"(anonymous_2)","decl":{"start":{"line":45,"column":11},"end":{"line":45,"column":12}},"loc":{"start":{"line":45,"column":31},"end":{"line":45,"column":94}}},"3":{"name":"(anonymous_3)","decl":{"start":{"line":46,"column":12},"end":{"line":46,"column":13}},"loc":{"start":{"line":46,"column":32},"end":{"line":46,"column":96}}},"4":{"name":"(anonymous_4)","decl":{"start":{"line":47,"column":13},"end":{"line":47,"column":14}},"loc":{"start":{"line":47,"column":33},"end":{"line":47,"column":73}}},"5":{"name":"(anonymous_5)","decl":{"start":{"line":55,"column":2},"end":{"line":55,"column":17}},"loc":{"start":{"line":55,"column":34},"end":{"line":74,"column":3}}},"6":{"name":"(anonymous_6)","decl":{"start":{"line":80,"column":2},"end":{"line":80,"column":19}},"loc":{"start":{"line":80,"column":37},"end":{"line":92,"column":3}}},"7":{"name":"(anonymous_7)","decl":{"start":{"line":99,"column":2},"end":{"line":99,"column":20}},"loc":{"start":{"line":99,"column":53},"end":{"line":103,"column":3}}},"8":{"name":"(anonymous_8)","decl":{"start":{"line":108,"column":2},"end":{"line":108,"column":7}},"loc":{"start":{"line":108,"column":7},"end":{"line":132,"column":3}}},"9":{"name":"(anonymous_9)","decl":{"start":{"line":137,"column":10},"end":{"line":137,"column":23}},"loc":{"start":{"line":137,"column":23},"end":{"line":149,"column":3}}},"10":{"name":"(anonymous_10)","decl":{"start":{"line":138,"column":41},"end":{"line":138,"column":42}},"loc":{"start":{"line":138,"column":55},"end":{"line":140,"column":5}}},"11":{"name":"(anonymous_11)","decl":{"start":{"line":154,"column":10},"end":{"line":154,"column":28}},"loc":{"start":{"line":154,"column":28},"end":{"line":173,"column":3}}},"12":{"name":"(anonymous_12)","decl":{"start":{"line":159,"column":24},"end":{"line":159,"column":25}},"loc":{"start":{"line":159,"column":36},"end":{"line":162,"column":5}}},"13":{"name":"(anonymous_13)","decl":{"start":{"line":164,"column":27},"end":{"line":164,"column":28}},"loc":{"start":{"line":164,"column":39},"end":{"line":167,"column":5}}},"14":{"name":"(anonymous_14)","decl":{"start":{"line":170,"column":40},"end":{"line":170,"column":43}},"loc":{"start":{"line":170,"column":46},"end":{"line":170,"column":70}}},"15":{"name":"(anonymous_15)","decl":{"start":{"line":178,"column":2},"end":{"line":178,"column":19}},"loc":{"start":{"line":178,"column":19},"end":{"line":181,"column":3}}},"16":{"name":"(anonymous_16)","decl":{"start":{"line":188,"column":2},"end":{"line":188,"column":23}},"loc":{"start":{"line":188,"column":90},"end":{"line":199,"column":3}}},"17":{"name":"(anonymous_17)","decl":{"start":{"line":207,"column":2},"end":{"line":207,"column":20}},"loc":{"start":{"line":207,"column":90},"end":{"line":235,"column":3}}},"18":{"name":"(anonymous_18)","decl":{"start":{"line":220,"column":30},"end":{"line":220,"column":34}},"loc":{"start":{"line":220,"column":37},"end":{"line":234,"column":5}}},"19":{"name":"(anonymous_19)","decl":{"start":{"line":240,"column":2},"end":{"line":240,"column":6}},"loc":{"start":{"line":240,"column":6},"end":{"line":258,"column":3}}},"20":{"name":"(anonymous_20)","decl":{"start":{"line":264,"column":2},"end":{"line":264,"column":12}},"loc":{"start":{"line":264,"column":23},"end":{"line":266,"column":3}}}},"branchMap":{"0":{"loc":{"start":{"line":27,"column":14},"end":{"line":27,"column":39}},"type":"default-arg","locations":[{"start":{"line":27,"column":37},"end":{"line":27,"column":39}}]},"1":{"loc":{"start":{"line":29,"column":17},"end":{"line":29,"column":42}},"type":"binary-expr","locations":[{"start":{"line":29,"column":17},"end":{"line":29,"column":33}},{"start":{"line":29,"column":37},"end":{"line":29,"column":42}}]},"2":{"loc":{"start":{"line":30,"column":21},"end":{"line":30,"column":51}},"type":"binary-expr","locations":[{"start":{"line":30,"column":21},"end":{"line":30,"column":41}},{"start":{"line":30,"column":45},"end":{"line":30,"column":51}}]},"3":{"loc":{"start":{"line":31,"column":21},"end":{"line":31,"column":97}},"type":"binary-expr","locations":[{"start":{"line":31,"column":21},"end":{"line":31,"column":41}},{"start":{"line":31,"column":45},"end":{"line":31,"column":97}}]},"4":{"loc":{"start":{"line":45,"column":31},"end":{"line":45,"column":94}},"type":"binary-expr","locations":[{"start":{"line":45,"column":31},"end":{"line":45,"column":52}},{"start":{"line":45,"column":56},"end":{"line":45,"column":94}}]},"5":{"loc":{"start":{"line":46,"column":32},"end":{"line":46,"column":96}},"type":"binary-expr","locations":[{"start":{"line":46,"column":32},"end":{"line":46,"column":53}},{"start":{"line":46,"column":57},"end":{"line":46,"column":96}}]},"6":{"loc":{"start":{"line":56,"column":4},"end":{"line":59,"column":5}},"type":"if","locations":[{"start":{"line":56,"column":4},"end":{"line":59,"column":5}}]},"7":{"loc":{"start":{"line":64,"column":4},"end":{"line":70,"column":5}},"type":"if","locations":[{"start":{"line":64,"column":4},"end":{"line":70,"column":5}}]},"8":{"loc":{"start":{"line":64,"column":8},"end":{"line":64,"column":40}},"type":"binary-expr","locations":[{"start":{"line":64,"column":8},"end":{"line":64,"column":24}},{"start":{"line":64,"column":28},"end":{"line":64,"column":40}}]},"9":{"loc":{"start":{"line":82,"column":4},"end":{"line":88,"column":5}},"type":"if","locations":[{"start":{"line":82,"column":4},"end":{"line":88,"column":5}}]},"10":{"loc":{"start":{"line":82,"column":8},"end":{"line":82,"column":34}},"type":"binary-expr","locations":[{"start":{"line":82,"column":8},"end":{"line":82,"column":15}},{"start":{"line":82,"column":19},"end":{"line":82,"column":34}}]},"11":{"loc":{"start":{"line":112,"column":8},"end":{"line":114,"column":9}},"type":"if","locations":[{"start":{"line":112,"column":8},"end":{"line":114,"column":9}}]},"12":{"loc":{"start":{"line":143,"column":4},"end":{"line":148,"column":5}},"type":"if","locations":[{"start":{"line":143,"column":4},"end":{"line":148,"column":5}},{"start":{"line":146,"column":11},"end":{"line":148,"column":5}}]},"13":{"loc":{"start":{"line":188,"column":24},"end":{"line":188,"column":65}},"type":"default-arg","locations":[{"start":{"line":188,"column":61},"end":{"line":188,"column":65}}]},"14":{"loc":{"start":{"line":188,"column":67},"end":{"line":188,"column":90}},"type":"default-arg","locations":[{"start":{"line":188,"column":85},"end":{"line":188,"column":90}}]},"15":{"loc":{"start":{"line":191,"column":8},"end":{"line":194,"column":9}},"type":"if","locations":[{"start":{"line":191,"column":8},"end":{"line":194,"column":9}}]},"16":{"loc":{"start":{"line":209,"column":4},"end":{"line":211,"column":5}},"type":"if","locations":[{"start":{"line":209,"column":4},"end":{"line":211,"column":5}}]},"17":{"loc":{"start":{"line":209,"column":8},"end":{"line":209,"column":53}},"type":"binary-expr","locations":[{"start":{"line":209,"column":8},"end":{"line":209,"column":27}},{"start":{"line":209,"column":31},"end":{"line":209,"column":53}}]},"18":{"loc":{"start":{"line":214,"column":4},"end":{"line":217,"column":5}},"type":"if","locations":[{"start":{"line":214,"column":4},"end":{"line":217,"column":5}}]},"19":{"loc":{"start":{"line":214,"column":8},"end":{"line":214,"column":52}},"type":"binary-expr","locations":[{"start":{"line":214,"column":8},"end":{"line":214,"column":22}},{"start":{"line":214,"column":26},"end":{"line":214,"column":52}}]},"20":{"loc":{"start":{"line":222,"column":6},"end":{"line":224,"column":7}},"type":"if","locations":[{"start":{"line":222,"column":6},"end":{"line":224,"column":7}}]},"21":{"loc":{"start":{"line":222,"column":10},"end":{"line":222,"column":61}},"type":"binary-expr","locations":[{"start":{"line":222,"column":10},"end":{"line":222,"column":24}},{"start":{"line":222,"column":28},"end":{"line":222,"column":61}}]},"22":{"loc":{"start":{"line":228,"column":6},"end":{"line":231,"column":7}},"type":"if","locations":[{"start":{"line":228,"column":6},"end":{"line":231,"column":7}}]},"23":{"loc":{"start":{"line":241,"column":4},"end":{"line":243,"column":5}},"type":"if","locations":[{"start":{"line":241,"column":4},"end":{"line":243,"column":5}}]},"24":{"loc":{"start":{"line":248,"column":8},"end":{"line":250,"column":9}},"type":"if","locations":[{"start":{"line":248,"column":8},"end":{"line":250,"column":9}}]}},"s":{"0":7,"1":7,"2":7,"3":7,"4":7,"5":7,"6":7,"7":26,"8":0,"9":0,"10":5,"11":0,"12":0,"13":5,"14":5,"15":0,"16":0,"17":0,"18":5,"19":5,"20":2,"21":2,"22":2,"23":2,"24":0,"25":2,"26":2,"27":2,"28":4,"29":4,"30":4,"31":3,"32":3,"33":3,"34":2,"35":0,"36":3,"37":3,"38":3,"39":3,"40":3,"41":3,"42":3,"43":2,"44":3,"45":3,"46":3,"47":3,"48":0,"49":3,"50":3,"51":3,"52":0,"53":0,"54":3,"55":0,"56":0,"57":3,"58":0,"59":3,"60":0,"61":0,"62":7,"63":6,"64":6,"65":4,"66":4,"67":0,"68":6,"69":2,"70":4,"71":3,"72":1,"73":1,"74":0,"75":1,"76":1,"77":0,"78":0,"79":1,"80":1,"81":1,"82":1,"83":0,"84":0,"85":0,"86":0,"87":1,"88":1,"89":3,"90":2},"f":{"0":7,"1":7,"2":26,"3":0,"4":0,"5":5,"6":2,"7":4,"8":3,"9":3,"10":2,"11":3,"12":0,"13":0,"14":0,"15":0,"16":7,"17":6,"18":1,"19":1,"20":3},"b":{"0":[0],"1":[7,0],"2":[7,1],"3":[7,7],"4":[26,0],"5":[0,0],"6":[0],"7":[0],"8":[5,0],"9":[2],"10":[2,2],"11":[2],"12":[3,0],"13":[3],"14":[5],"15":[4],"16":[2],"17":[6,6],"18":[3],"19":[4,1],"20":[0],"21":[1,1],"22":[0],"23":[1],"24":[0]}}
,"/Users/bytedance/Workspace/DreaminaTool/src/core/rules/combined-rule.ts": {"path":"/Users/bytedance/Workspace/DreaminaTool/src/core/rules/combined-rule.ts","statementMap":{"0":{"start":{"line":40,"column":4},"end":{"line":40,"column":25}},"1":{"start":{"line":47,"column":25},"end":{"line":47,"column":45}},"2":{"start":{"line":48,"column":32},"end":{"line":48,"column":44}},"3":{"start":{"line":50,"column":4},"end":{"line":52,"column":5}},"4":{"start":{"line":51,"column":6},"end":{"line":51,"column":19}},"5":{"start":{"line":55,"column":20},"end":{"line":59,"column":6}},"6":{"start":{"line":56,"column":25},"end":{"line":56,"column":66}},"7":{"start":{"line":57,"column":6},"end":{"line":57,"column":36}},"8":{"start":{"line":57,"column":23},"end":{"line":57,"column":36}},"9":{"start":{"line":58,"column":6},"end":{"line":58,"column":51}},"10":{"start":{"line":62,"column":4},"end":{"line":72,"column":5}},"11":{"start":{"line":64,"column":8},"end":{"line":64,"column":56}},"12":{"start":{"line":64,"column":39},"end":{"line":64,"column":54}},"13":{"start":{"line":66,"column":8},"end":{"line":66,"column":55}},"14":{"start":{"line":66,"column":38},"end":{"line":66,"column":53}},"15":{"start":{"line":69,"column":8},"end":{"line":69,"column":27}},"16":{"start":{"line":71,"column":8},"end":{"line":71,"column":21}},"17":{"start":{"line":32,"column":0},"end":{"line":32,"column":21}}},"fnMap":{"0":{"name":"(anonymous_0)","decl":{"start":{"line":39,"column":2},"end":{"line":39,"column":14}},"loc":{"start":{"line":39,"column":39},"end":{"line":41,"column":3}}},"1":{"name":"(anonymous_1)","decl":{"start":{"line":46,"column":2},"end":{"line":46,"column":10}},"loc":{"start":{"line":46,"column":43},"end":{"line":73,"column":3}}},"2":{"name":"(anonymous_2)","decl":{"start":{"line":55,"column":30},"end":{"line":55,"column":37}},"loc":{"start":{"line":55,"column":40},"end":{"line":59,"column":5}}},"3":{"name":"(anonymous_3)","decl":{"start":{"line":64,"column":29},"end":{"line":64,"column":35}},"loc":{"start":{"line":64,"column":39},"end":{"line":64,"column":54}}},"4":{"name":"(anonymous_4)","decl":{"start":{"line":66,"column":28},"end":{"line":66,"column":34}},"loc":{"start":{"line":66,"column":38},"end":{"line":66,"column":53}}}},"branchMap":{"0":{"loc":{"start":{"line":50,"column":4},"end":{"line":52,"column":5}},"type":"if","locations":[{"start":{"line":50,"column":4},"end":{"line":52,"column":5}}]},"1":{"loc":{"start":{"line":50,"column":8},"end":{"line":50,"column":61}},"type":"binary-expr","locations":[{"start":{"line":50,"column":8},"end":{"line":50,"column":14}},{"start":{"line":50,"column":18},"end":{"line":50,"column":39}},{"start":{"line":50,"column":43},"end":{"line":50,"column":61}}]},"2":{"loc":{"start":{"line":57,"column":6},"end":{"line":57,"column":36}},"type":"if","locations":[{"start":{"line":57,"column":6},"end":{"line":57,"column":36}}]},"3":{"loc":{"start":{"line":62,"column":4},"end":{"line":72,"column":5}},"type":"switch","locations":[{"start":{"line":63,"column":6},"end":{"line":64,"column":56}},{"start":{"line":65,"column":6},"end":{"line":66,"column":55}},{"start":{"line":67,"column":6},"end":{"line":69,"column":27}},{"start":{"line":70,"column":6},"end":{"line":71,"column":21}}]}},"s":{"0":1,"1":1,"2":1,"3":1,"4":0,"5":1,"6":2,"7":2,"8":0,"9":2,"10":1,"11":1,"12":2,"13":0,"14":0,"15":0,"16":0,"17":1},"f":{"0":1,"1":1,"2":2,"3":2,"4":0},"b":{"0":[0],"1":[1,1,1],"2":[0],"3":[1,0,0,0]}}
,"/Users/bytedance/Workspace/DreaminaTool/src/core/rules/dom-rule.ts": {"path":"/Users/bytedance/Workspace/DreaminaTool/src/core/rules/dom-rule.ts","statementMap":{"0":{"start":{"line":48,"column":20},"end":{"line":48,"column":35}},"1":{"start":{"line":49,"column":70},"end":{"line":49,"column":77}},"2":{"start":{"line":52,"column":21},"end":{"line":52,"column":56}},"3":{"start":{"line":55,"column":4},"end":{"line":62,"column":5}},"4":{"start":{"line":56,"column":6},"end":{"line":61,"column":7}},"5":{"start":{"line":57,"column":8},"end":{"line":57,"column":21}},"6":{"start":{"line":58,"column":13},"end":{"line":61,"column":7}},"7":{"start":{"line":59,"column":8},"end":{"line":59,"column":81}},"8":{"start":{"line":59,"column":68},"end":{"line":59,"column":81}},"9":{"start":{"line":60,"column":8},"end":{"line":60,"column":81}},"10":{"start":{"line":60,"column":68},"end":{"line":60,"column":81}},"11":{"start":{"line":65,"column":4},"end":{"line":67,"column":5}},"12":{"start":{"line":66,"column":6},"end":{"line":66,"column":33}},"13":{"start":{"line":70,"column":4},"end":{"line":78,"column":5}},"14":{"start":{"line":71,"column":6},"end":{"line":77,"column":9}},"15":{"start":{"line":72,"column":24},"end":{"line":72,"column":50}},"16":{"start":{"line":73,"column":8},"end":{"line":75,"column":9}},"17":{"start":{"line":74,"column":10},"end":{"line":74,"column":66}},"18":{"start":{"line":76,"column":8},"end":{"line":76,"column":42}},"19":{"start":{"line":81,"column":4},"end":{"line":83,"column":5}},"20":{"start":{"line":82,"column":6},"end":{"line":82,"column":42}},"21":{"start":{"line":85,"column":4},"end":{"line":85,"column":31}},"22":{"start":{"line":43,"column":0},"end":{"line":43,"column":21}}},"fnMap":{"0":{"name":"(anonymous_0)","decl":{"start":{"line":47,"column":2},"end":{"line":47,"column":10}},"loc":{"start":{"line":47,"column":43},"end":{"line":86,"column":3}}},"1":{"name":"(anonymous_1)","decl":{"start":{"line":71,"column":39},"end":{"line":71,"column":41}},"loc":{"start":{"line":71,"column":44},"end":{"line":77,"column":7}}}},"branchMap":{"0":{"loc":{"start":{"line":55,"column":4},"end":{"line":62,"column":5}},"type":"if","locations":[{"start":{"line":55,"column":4},"end":{"line":62,"column":5}}]},"1":{"loc":{"start":{"line":56,"column":6},"end":{"line":61,"column":7}},"type":"if","locations":[{"start":{"line":56,"column":6},"end":{"line":61,"column":7}},{"start":{"line":58,"column":13},"end":{"line":61,"column":7}}]},"2":{"loc":{"start":{"line":56,"column":10},"end":{"line":56,"column":64}},"type":"binary-expr","locations":[{"start":{"line":56,"column":10},"end":{"line":56,"column":35}},{"start":{"line":56,"column":39},"end":{"line":56,"column":64}}]},"3":{"loc":{"start":{"line":58,"column":13},"end":{"line":61,"column":7}},"type":"if","locations":[{"start":{"line":58,"column":13},"end":{"line":61,"column":7}}]},"4":{"loc":{"start":{"line":59,"column":8},"end":{"line":59,"column":81}},"type":"if","locations":[{"start":{"line":59,"column":8},"end":{"line":59,"column":81}}]},"5":{"loc":{"start":{"line":59,"column":12},"end":{"line":59,"column":66}},"type":"binary-expr","locations":[{"start":{"line":59,"column":12},"end":{"line":59,"column":35}},{"start":{"line":59,"column":39},"end":{"line":59,"column":66}}]},"6":{"loc":{"start":{"line":60,"column":8},"end":{"line":60,"column":81}},"type":"if","locations":[{"start":{"line":60,"column":8},"end":{"line":60,"column":81}}]},"7":{"loc":{"start":{"line":60,"column":12},"end":{"line":60,"column":66}},"type":"binary-expr","locations":[{"start":{"line":60,"column":12},"end":{"line":60,"column":35}},{"start":{"line":60,"column":39},"end":{"line":60,"column":66}}]},"8":{"loc":{"start":{"line":65,"column":4},"end":{"line":67,"column":5}},"type":"if","locations":[{"start":{"line":65,"column":4},"end":{"line":67,"column":5}}]},"9":{"loc":{"start":{"line":65,"column":8},"end":{"line":65,"column":32}},"type":"binary-expr","locations":[{"start":{"line":65,"column":8},"end":{"line":65,"column":18}},{"start":{"line":65,"column":22},"end":{"line":65,"column":32}}]},"10":{"loc":{"start":{"line":70,"column":4},"end":{"line":78,"column":5}},"type":"if","locations":[{"start":{"line":70,"column":4},"end":{"line":78,"column":5}}]},"11":{"loc":{"start":{"line":73,"column":8},"end":{"line":75,"column":9}},"type":"if","locations":[{"start":{"line":73,"column":8},"end":{"line":75,"column":9}}]},"12":{"loc":{"start":{"line":74,"column":17},"end":{"line":74,"column":65}},"type":"binary-expr","locations":[{"start":{"line":74,"column":17},"end":{"line":74,"column":33}},{"start":{"line":74,"column":37},"end":{"line":74,"column":65}}]},"13":{"loc":{"start":{"line":81,"column":4},"end":{"line":83,"column":5}},"type":"if","locations":[{"start":{"line":81,"column":4},"end":{"line":83,"column":5}}]},"14":{"loc":{"start":{"line":81,"column":8},"end":{"line":81,"column":52}},"type":"binary-expr","locations":[{"start":{"line":81,"column":8},"end":{"line":81,"column":17}},{"start":{"line":81,"column":21},"end":{"line":81,"column":52}}]}},"s":{"0":11,"1":11,"2":11,"3":11,"4":3,"5":0,"6":3,"7":2,"8":1,"9":1,"10":0,"11":10,"12":5,"13":5,"14":3,"15":6,"16":6,"17":2,"18":4,"19":2,"20":2,"21":0,"22":2},"f":{"0":11,"1":6},"b":{"0":[3],"1":[0,3],"2":[3,1],"3":[2],"4":[1],"5":[2,2],"6":[0],"7":[1,1],"8":[5],"9":[10,8],"10":[3],"11":[2],"12":[2,2],"13":[2],"14":[2,2]}}
,"/Users/bytedance/Workspace/DreaminaTool/src/core/rules/index.ts": {"path":"/Users/bytedance/Workspace/DreaminaTool/src/core/rules/index.ts","statementMap":{"0":{"start":{"line":16,"column":0},"end":{"line":16,"column":16}},"1":{"start":{"line":8,"column":0},"end":{"line":8,"column":43}},"2":{"start":{"line":9,"column":0},"end":{"line":9,"column":39}},"3":{"start":{"line":10,"column":0},"end":{"line":10,"column":49}},"4":{"start":{"line":17,"column":2},"end":{"line":17,"column":60}},"5":{"start":{"line":18,"column":2},"end":{"line":18,"column":56}},"6":{"start":{"line":19,"column":2},"end":{"line":19,"column":72}},"7":{"start":{"line":23,"column":0},"end":{"line":23,"column":30}},"8":{"start":{"line":24,"column":0},"end":{"line":24,"column":29}},"9":{"start":{"line":25,"column":0},"end":{"line":25,"column":27}},"10":{"start":{"line":26,"column":0},"end":{"line":26,"column":32}}},"fnMap":{"0":{"name":"registerRuleEngines","decl":{"start":{"line":16,"column":16},"end":{"line":16,"column":35}},"loc":{"start":{"line":16,"column":61},"end":{"line":20,"column":1}}}},"branchMap":{},"s":{"0":1,"1":1,"2":1,"3":1,"4":1,"5":1,"6":1,"7":1,"8":1,"9":1,"10":1},"f":{"0":1},"b":{}}
,"/Users/bytedance/Workspace/DreaminaTool/src/core/rules/route-rule.ts": {"path":"/Users/bytedance/Workspace/DreaminaTool/src/core/rules/route-rule.ts","statementMap":{"0":{"start":{"line":39,"column":22},"end":{"line":39,"column":39}},"1":{"start":{"line":40,"column":40},"end":{"line":40,"column":49}},"2":{"start":{"line":41,"column":24},"end":{"line":41,"column":48}},"3":{"start":{"line":42,"column":23},"end":{"line":42,"column":43}},"4":{"start":{"line":45,"column":4},"end":{"line":55,"column":5}},"5":{"start":{"line":46,"column":6},"end":{"line":54,"column":7}},"6":{"start":{"line":47,"column":8},"end":{"line":51,"column":9}},"7":{"start":{"line":48,"column":10},"end":{"line":50,"column":11}},"8":{"start":{"line":49,"column":12},"end":{"line":49,"column":25}},"9":{"start":{"line":52,"column":13},"end":{"line":54,"column":7}},"10":{"start":{"line":53,"column":8},"end":{"line":53,"column":21}},"11":{"start":{"line":58,"column":4},"end":{"line":60,"column":5}},"12":{"start":{"line":59,"column":6},"end":{"line":59,"column":89}},"13":{"start":{"line":59,"column":34},"end":{"line":59,"column":87}},"14":{"start":{"line":62,"column":4},"end":{"line":62,"column":68}},"15":{"start":{"line":75,"column":4},"end":{"line":77,"column":5}},"16":{"start":{"line":76,"column":6},"end":{"line":76,"column":38}},"17":{"start":{"line":80,"column":4},"end":{"line":82,"column":5}},"18":{"start":{"line":81,"column":6},"end":{"line":81,"column":37}},"19":{"start":{"line":85,"column":4},"end":{"line":85,"column":43}},"20":{"start":{"line":34,"column":0},"end":{"line":34,"column":21}}},"fnMap":{"0":{"name":"(anonymous_0)","decl":{"start":{"line":38,"column":2},"end":{"line":38,"column":10}},"loc":{"start":{"line":38,"column":43},"end":{"line":63,"column":3}}},"1":{"name":"(anonymous_1)","decl":{"start":{"line":59,"column":26},"end":{"line":59,"column":30}},"loc":{"start":{"line":59,"column":34},"end":{"line":59,"column":87}}},"2":{"name":"(anonymous_2)","decl":{"start":{"line":68,"column":10},"end":{"line":68,"column":20}},"loc":{"start":{"line":72,"column":19},"end":{"line":86,"column":3}}}},"branchMap":{"0":{"loc":{"start":{"line":45,"column":4},"end":{"line":55,"column":5}},"type":"if","locations":[{"start":{"line":45,"column":4},"end":{"line":55,"column":5}}]},"1":{"loc":{"start":{"line":46,"column":6},"end":{"line":54,"column":7}},"type":"if","locations":[{"start":{"line":46,"column":6},"end":{"line":54,"column":7}},{"start":{"line":52,"column":13},"end":{"line":54,"column":7}}]},"2":{"loc":{"start":{"line":48,"column":10},"end":{"line":50,"column":11}},"type":"if","locations":[{"start":{"line":48,"column":10},"end":{"line":50,"column":11}}]},"3":{"loc":{"start":{"line":52,"column":13},"end":{"line":54,"column":7}},"type":"if","locations":[{"start":{"line":52,"column":13},"end":{"line":54,"column":7}}]},"4":{"loc":{"start":{"line":58,"column":4},"end":{"line":60,"column":5}},"type":"if","locations":[{"start":{"line":58,"column":4},"end":{"line":60,"column":5}}]},"5":{"loc":{"start":{"line":75,"column":4},"end":{"line":77,"column":5}},"type":"if","locations":[{"start":{"line":75,"column":4},"end":{"line":77,"column":5}}]},"6":{"loc":{"start":{"line":80,"column":4},"end":{"line":82,"column":5}},"type":"if","locations":[{"start":{"line":80,"column":4},"end":{"line":82,"column":5}}]}},"s":{"0":1,"1":1,"2":1,"3":1,"4":1,"5":0,"6":0,"7":0,"8":0,"9":0,"10":0,"11":1,"12":0,"13":0,"14":1,"15":1,"16":1,"17":0,"18":0,"19":0,"20":1},"f":{"0":1,"1":0,"2":1},"b":{"0":[0],"1":[0,0],"2":[0],"3":[0],"4":[0],"5":[1],"6":[0]}}
,"/Users/bytedance/Workspace/DreaminaTool/src/features/detail-page-button.ts": {"path":"/Users/bytedance/Workspace/DreaminaTool/src/features/detail-page-button.ts","statementMap":{"0":{"start":{"line":6,"column":0},"end":{"line":6,"column":47}},"1":{"start":{"line":8,"column":0},"end":{"line":8,"column":76}},"2":{"start":{"line":45,"column":26},"end":{"line":61,"column":6}},"3":{"start":{"line":63,"column":4},"end":{"line":69,"column":7}},"4":{"start":{"line":71,"column":4},"end":{"line":71,"column":29}},"5":{"start":{"line":72,"column":4},"end":{"line":76,"column":6}},"6":{"start":{"line":83,"column":4},"end":{"line":83,"column":37}},"7":{"start":{"line":83,"column":24},"end":{"line":83,"column":37}},"8":{"start":{"line":86,"column":4},"end":{"line":102,"column":7}},"9":{"start":{"line":87,"column":6},"end":{"line":101,"column":7}},"10":{"start":{"line":89,"column":23},"end":{"line":91,"column":null}},"11":{"start":{"line":95,"column":8},"end":{"line":95,"column":38}},"12":{"start":{"line":96,"column":8},"end":{"line":96,"column":32}},"13":{"start":{"line":98,"column":8},"end":{"line":100,"column":9}},"14":{"start":{"line":99,"column":10},"end":{"line":99,"column":49}},"15":{"start":{"line":104,"column":4},"end":{"line":104,"column":16}},"16":{"start":{"line":111,"column":4},"end":{"line":111,"column":31}},"17":{"start":{"line":120,"column":4},"end":{"line":126,"column":5}},"18":{"start":{"line":121,"column":21},"end":{"line":121,"column":78}},"19":{"start":{"line":122,"column":6},"end":{"line":124,"column":7}},"20":{"start":{"line":123,"column":8},"end":{"line":123,"column":24}},"21":{"start":{"line":125,"column":6},"end":{"line":125,"column":31}},"22":{"start":{"line":128,"column":4},"end":{"line":128,"column":20}},"23":{"start":{"line":31,"column":0},"end":{"line":31,"column":21}}},"fnMap":{"0":{"name":"(anonymous_1)","decl":{"start":{"line":43,"column":2},"end":{"line":43,"column":14}},"loc":{"start":{"line":43,"column":51},"end":{"line":77,"column":3}}},"1":{"name":"(anonymous_2)","decl":{"start":{"line":82,"column":2},"end":{"line":82,"column":7}},"loc":{"start":{"line":82,"column":7},"end":{"line":105,"column":3}}},"2":{"name":"(anonymous_3)","decl":{"start":{"line":86,"column":51},"end":{"line":86,"column":60}},"loc":{"start":{"line":86,"column":63},"end":{"line":102,"column":5}}},"3":{"name":"(anonymous_4)","decl":{"start":{"line":110,"column":10},"end":{"line":110,"column":27}},"loc":{"start":{"line":110,"column":41},"end":{"line":113,"column":3}}},"4":{"name":"(anonymous_5)","decl":{"start":{"line":118,"column":2},"end":{"line":118,"column":9}},"loc":{"start":{"line":118,"column":9},"end":{"line":129,"column":3}}}},"branchMap":{"0":{"loc":{"start":{"line":43,"column":14},"end":{"line":43,"column":51}},"type":"default-arg","locations":[{"start":{"line":43,"column":49},"end":{"line":43,"column":51}}]},"1":{"loc":{"start":{"line":73,"column":12},"end":{"line":73,"column":41}},"type":"binary-expr","locations":[{"start":{"line":73,"column":12},"end":{"line":73,"column":30}},{"start":{"line":73,"column":34},"end":{"line":73,"column":41}}]},"2":{"loc":{"start":{"line":74,"column":17},"end":{"line":74,"column":64}},"type":"binary-expr","locations":[{"start":{"line":74,"column":17},"end":{"line":74,"column":36}},{"start":{"line":74,"column":40},"end":{"line":74,"column":64}}]},"3":{"loc":{"start":{"line":75,"column":15},"end":{"line":75,"column":67}},"type":"binary-expr","locations":[{"start":{"line":75,"column":15},"end":{"line":75,"column":30}},{"start":{"line":75,"column":34},"end":{"line":75,"column":67}}]},"4":{"loc":{"start":{"line":83,"column":4},"end":{"line":83,"column":37}},"type":"if","locations":[{"start":{"line":83,"column":4},"end":{"line":83,"column":37}}]},"5":{"loc":{"start":{"line":87,"column":6},"end":{"line":101,"column":7}},"type":"if","locations":[{"start":{"line":87,"column":6},"end":{"line":101,"column":7}}]},"6":{"loc":{"start":{"line":87,"column":10},"end":{"line":87,"column":40}},"type":"binary-expr","locations":[{"start":{"line":87,"column":10},"end":{"line":87,"column":19}},{"start":{"line":87,"column":23},"end":{"line":87,"column":40}}]},"7":{"loc":{"start":{"line":98,"column":8},"end":{"line":100,"column":9}},"type":"if","locations":[{"start":{"line":98,"column":8},"end":{"line":100,"column":9}}]},"8":{"loc":{"start":{"line":98,"column":12},"end":{"line":98,"column":45}},"type":"binary-expr","locations":[{"start":{"line":98,"column":12},"end":{"line":98,"column":23}},{"start":{"line":98,"column":27},"end":{"line":98,"column":45}}]},"9":{"loc":{"start":{"line":120,"column":4},"end":{"line":126,"column":5}},"type":"if","locations":[{"start":{"line":120,"column":4},"end":{"line":126,"column":5}}]},"10":{"loc":{"start":{"line":122,"column":6},"end":{"line":124,"column":7}},"type":"if","locations":[{"start":{"line":122,"column":6},"end":{"line":124,"column":7}}]}},"s":{"0":2,"1":2,"2":5,"3":5,"4":5,"5":5,"6":4,"7":0,"8":4,"9":4,"10":4,"11":4,"12":4,"13":4,"14":4,"15":4,"16":0,"17":2,"18":1,"19":1,"20":1,"21":1,"22":2,"23":2},"f":{"0":5,"1":4,"2":4,"3":0,"4":2},"b":{"0":[0],"1":[5,0],"2":[5,5],"3":[5,1],"4":[0],"5":[4],"6":[4,4],"7":[4],"8":[4,4],"9":[1],"10":[1]}}
,"/Users/bytedance/Workspace/DreaminaTool/src/utils/dom-utils.ts": {"path":"/Users/bytedance/Workspace/DreaminaTool/src/utils/dom-utils.ts","statementMap":{"0":{"start":{"line":18,"column":0},"end":{"line":18,"column":16}},"1":{"start":{"line":54,"column":0},"end":{"line":54,"column":16}},"2":{"start":{"line":88,"column":0},"end":{"line":88,"column":16}},"3":{"start":{"line":19,"column":2},"end":{"line":46,"column":5}},"4":{"start":{"line":21,"column":20},"end":{"line":21,"column":52}},"5":{"start":{"line":22,"column":4},"end":{"line":25,"column":5}},"6":{"start":{"line":23,"column":6},"end":{"line":23,"column":23}},"7":{"start":{"line":24,"column":6},"end":{"line":24,"column":13}},"8":{"start":{"line":28,"column":21},"end":{"line":34,"column":6}},"9":{"start":{"line":29,"column":22},"end":{"line":29,"column":54}},"10":{"start":{"line":30,"column":6},"end":{"line":33,"column":7}},"11":{"start":{"line":31,"column":8},"end":{"line":31,"column":25}},"12":{"start":{"line":32,"column":8},"end":{"line":32,"column":25}},"13":{"start":{"line":36,"column":4},"end":{"line":39,"column":7}},"14":{"start":{"line":42,"column":4},"end":{"line":45,"column":16}},"15":{"start":{"line":43,"column":6},"end":{"line":43,"column":28}},"16":{"start":{"line":44,"column":6},"end":{"line":44,"column":20}},"17":{"start":{"line":60,"column":6},"end":{"line":60,"column":13}},"18":{"start":{"line":62,"column":17},"end":{"line":62,"column":49}},"19":{"start":{"line":63,"column":2},"end":{"line":63,"column":28}},"20":{"start":{"line":65,"column":2},"end":{"line":67,"column":3}},"21":{"start":{"line":66,"column":4},"end":{"line":66,"column":33}},"22":{"start":{"line":70,"column":2},"end":{"line":72,"column":5}},"23":{"start":{"line":71,"column":4},"end":{"line":71,"column":38}},"24":{"start":{"line":75,"column":2},"end":{"line":77,"column":3}},"25":{"start":{"line":76,"column":4},"end":{"line":76,"column":46}},"26":{"start":{"line":79,"column":2},"end":{"line":79,"column":16}},"27":{"start":{"line":93,"column":25},"end":{"line":93,"column":81}},"28":{"start":{"line":94,"column":20},"end":{"line":94,"column":52}},"29":{"start":{"line":96,"column":2},"end":{"line":105,"column":3}},"30":{"start":{"line":98,"column":4},"end":{"line":98,"column":51}},"31":{"start":{"line":100,"column":4},"end":{"line":100,"column":59}},"32":{"start":{"line":102,"column":4},"end":{"line":102,"column":51}},"33":{"start":{"line":104,"column":4},"end":{"line":104,"column":48}},"34":{"start":{"line":107,"column":2},"end":{"line":107,"column":31}},"35":{"start":{"line":109,"column":2},"end":{"line":111,"column":3}},"36":{"start":{"line":110,"column":4},"end":{"line":110,"column":49}},"37":{"start":{"line":113,"column":2},"end":{"line":113,"column":19}}},"fnMap":{"0":{"name":"waitForElement","decl":{"start":{"line":18,"column":16},"end":{"line":18,"column":30}},"loc":{"start":{"line":18,"column":63},"end":{"line":47,"column":1}}},"1":{"name":"(anonymous_1)","decl":{"start":{"line":19,"column":21},"end":{"line":19,"column":22}},"loc":{"start":{"line":19,"column":33},"end":{"line":46,"column":3}}},"2":{"name":"(anonymous_2)","decl":{"start":{"line":28,"column":42},"end":{"line":28,"column":43}},"loc":{"start":{"line":28,"column":61},"end":{"line":34,"column":5}}},"3":{"name":"(anonymous_3)","decl":{"start":{"line":42,"column":15},"end":{"line":42,"column":18}},"loc":{"start":{"line":42,"column":20},"end":{"line":45,"column":5}}},"4":{"name":"createButton","decl":{"start":{"line":54,"column":16},"end":{"line":54,"column":28}},"loc":{"start":{"line":54,"column":56},"end":{"line":80,"column":1}}},"5":{"name":"(anonymous_5)","decl":{"start":{"line":70,"column":32},"end":{"line":70,"column":33}},"loc":{"start":{"line":70,"column":50},"end":{"line":72,"column":3}}},"6":{"name":"createSiteStyledButton","decl":{"start":{"line":88,"column":16},"end":{"line":88,"column":38}},"loc":{"start":{"line":90,"column":35},"end":{"line":114,"column":1}}}},"branchMap":{"0":{"loc":{"start":{"line":18,"column":49},"end":{"line":18,"column":63}},"type":"default-arg","locations":[{"start":{"line":18,"column":59},"end":{"line":18,"column":63}}]},"1":{"loc":{"start":{"line":22,"column":4},"end":{"line":25,"column":5}},"type":"if","locations":[{"start":{"line":22,"column":4},"end":{"line":25,"column":5}}]},"2":{"loc":{"start":{"line":30,"column":6},"end":{"line":33,"column":7}},"type":"if","locations":[{"start":{"line":30,"column":6},"end":{"line":33,"column":7}}]},"3":{"loc":{"start":{"line":54,"column":29},"end":{"line":54,"column":56}},"type":"default-arg","locations":[{"start":{"line":54,"column":54},"end":{"line":54,"column":56}}]},"4":{"loc":{"start":{"line":56,"column":4},"end":{"line":56,"column":13}},"type":"default-arg","locations":[{"start":{"line":56,"column":11},"end":{"line":56,"column":13}}]},"5":{"loc":{"start":{"line":57,"column":4},"end":{"line":57,"column":18}},"type":"default-arg","locations":[{"start":{"line":57,"column":16},"end":{"line":57,"column":18}}]},"6":{"loc":{"start":{"line":58,"column":4},"end":{"line":58,"column":14}},"type":"default-arg","locations":[{"start":{"line":58,"column":12},"end":{"line":58,"column":14}}]},"7":{"loc":{"start":{"line":59,"column":4},"end":{"line":59,"column":18}},"type":"default-arg","locations":[{"start":{"line":59,"column":14},"end":{"line":59,"column":18}}]},"8":{"loc":{"start":{"line":65,"column":2},"end":{"line":67,"column":3}},"type":"if","locations":[{"start":{"line":65,"column":2},"end":{"line":67,"column":3}}]},"9":{"loc":{"start":{"line":75,"column":2},"end":{"line":77,"column":3}},"type":"if","locations":[{"start":{"line":75,"column":2},"end":{"line":77,"column":3}}]},"10":{"loc":{"start":{"line":96,"column":2},"end":{"line":105,"column":3}},"type":"if","locations":[{"start":{"line":96,"column":2},"end":{"line":105,"column":3}},{"start":{"line":103,"column":9},"end":{"line":105,"column":3}}]},"11":{"loc":{"start":{"line":109,"column":2},"end":{"line":111,"column":3}},"type":"if","locations":[{"start":{"line":109,"column":2},"end":{"line":111,"column":3}}]}},"s":{"0":2,"1":2,"2":2,"3":2,"4":2,"5":2,"6":2,"7":2,"8":0,"9":0,"10":0,"11":0,"12":0,"13":0,"14":0,"15":0,"16":0,"17":2,"18":2,"19":2,"20":2,"21":1,"22":2,"23":1,"24":2,"25":1,"26":2,"27":2,"28":2,"29":2,"30":1,"31":1,"32":1,"33":1,"34":2,"35":2,"36":2,"37":2},"f":{"0":2,"1":2,"2":0,"3":0,"4":2,"5":1,"6":2},"b":{"0":[2],"1":[2],"2":[0],"3":[0],"4":[0],"5":[1],"6":[1],"7":[1],"8":[1],"9":[1],"10":[1,1],"11":[2]}}
}
