TN:
SF:src/core/base-feature.ts
FN:34,(anonymous_0)
FN:48,(anonymous_1)
FN:55,(anonymous_2)
FN:64,(anonymous_3)
FN:72,(anonymous_4)
FN:82,(anonymous_5)
FN:89,(anonymous_6)
FNF:7
FNH:7
FNDA:5,(anonymous_0)
FNDA:5,(anonymous_1)
FNDA:2,(anonymous_2)
FNDA:10,(anonymous_3)
FNDA:4,(anonymous_4)
FNDA:1,(anonymous_5)
FNDA:2,(anonymous_6)
DA:21,2
DA:35,5
DA:36,5
DA:37,5
DA:38,5
DA:39,5
DA:40,5
DA:41,5
DA:49,5
DA:58,2
DA:65,10
DA:74,4
DA:75,4
DA:76,4
DA:83,1
DA:90,2
LF:16
LH:16
BRDA:34,0,0,0
BRDA:35,1,0,5
BRDA:35,1,1,0
BRDA:36,2,0,5
BRDA:36,2,1,0
BRDA:37,3,0,5
BRDA:37,3,1,0
BRDA:38,4,0,5
BRDA:38,4,1,0
BRDA:65,5,0,10
BRDA:65,5,1,8
BRDA:74,6,0,0
BRF:12
BRH:6
end_of_record
TN:
SF:src/core/engine.ts
FN:27,(anonymous_0)
FN:43,(anonymous_1)
FN:45,(anonymous_2)
FN:46,(anonymous_3)
FN:47,(anonymous_4)
FN:55,(anonymous_5)
FN:80,(anonymous_6)
FN:99,(anonymous_7)
FN:108,(anonymous_8)
FN:137,(anonymous_9)
FN:138,(anonymous_10)
FN:154,(anonymous_11)
FN:159,(anonymous_12)
FN:164,(anonymous_13)
FN:170,(anonymous_14)
FN:178,(anonymous_15)
FN:188,(anonymous_16)
FN:207,(anonymous_17)
FN:220,(anonymous_18)
FN:240,(anonymous_19)
FN:264,(anonymous_20)
FNF:21
FNH:15
FNDA:7,(anonymous_0)
FNDA:7,(anonymous_1)
FNDA:26,(anonymous_2)
FNDA:0,(anonymous_3)
FNDA:0,(anonymous_4)
FNDA:5,(anonymous_5)
FNDA:2,(anonymous_6)
FNDA:4,(anonymous_7)
FNDA:3,(anonymous_8)
FNDA:3,(anonymous_9)
FNDA:2,(anonymous_10)
FNDA:3,(anonymous_11)
FNDA:0,(anonymous_12)
FNDA:0,(anonymous_13)
FNDA:0,(anonymous_14)
FNDA:0,(anonymous_15)
FNDA:7,(anonymous_16)
FNDA:6,(anonymous_17)
FNDA:1,(anonymous_18)
FNDA:1,(anonymous_19)
FNDA:3,(anonymous_20)
DA:15,2
DA:28,7
DA:33,7
DA:34,7
DA:35,7
DA:36,7
DA:37,7
DA:44,7
DA:45,26
DA:46,0
DA:47,0
DA:56,5
DA:57,0
DA:58,0
DA:61,5
DA:64,5
DA:65,0
DA:66,0
DA:68,0
DA:72,5
DA:73,5
DA:81,2
DA:82,2
DA:83,2
DA:84,2
DA:86,0
DA:89,2
DA:90,2
DA:91,2
DA:100,4
DA:101,4
DA:102,4
DA:110,3
DA:111,3
DA:112,3
DA:113,2
DA:116,0
DA:119,3
DA:122,3
DA:125,3
DA:128,3
DA:130,3
DA:131,3
DA:138,3
DA:139,2
DA:142,3
DA:143,3
DA:144,3
DA:145,3
DA:147,0
DA:156,3
DA:157,3
DA:159,3
DA:160,0
DA:161,0
DA:164,3
DA:165,0
DA:166,0
DA:170,3
DA:172,3
DA:179,0
DA:180,0
DA:189,7
DA:190,6
DA:191,6
DA:192,4
DA:193,4
DA:196,0
DA:209,6
DA:210,2
DA:214,4
DA:216,3
DA:220,1
DA:222,1
DA:223,0
DA:227,1
DA:228,1
DA:229,0
DA:230,0
DA:233,1
DA:241,1
DA:242,1
DA:246,1
DA:247,0
DA:248,0
DA:249,0
DA:252,0
DA:256,1
DA:257,1
DA:265,3
LF:90
LH:66
BRDA:27,0,0,0
BRDA:29,1,0,7
BRDA:29,1,1,0
BRDA:30,2,0,7
BRDA:30,2,1,1
BRDA:31,3,0,7
BRDA:31,3,1,7
BRDA:45,4,0,26
BRDA:45,4,1,0
BRDA:46,5,0,0
BRDA:46,5,1,0
BRDA:56,6,0,0
BRDA:64,7,0,0
BRDA:64,8,0,5
BRDA:64,8,1,0
BRDA:82,9,0,2
BRDA:82,10,0,2
BRDA:82,10,1,2
BRDA:112,11,0,2
BRDA:143,12,0,3
BRDA:143,12,1,0
BRDA:188,13,0,3
BRDA:188,14,0,5
BRDA:191,15,0,4
BRDA:209,16,0,2
BRDA:209,17,0,6
BRDA:209,17,1,6
BRDA:214,18,0,3
BRDA:214,19,0,4
BRDA:214,19,1,1
BRDA:222,20,0,0
BRDA:222,21,0,1
BRDA:222,21,1,1
BRDA:228,22,0,0
BRDA:241,23,0,1
BRDA:248,24,0,0
BRF:36
BRH:24
end_of_record
TN:
SF:src/core/rules/combined-rule.ts
FN:39,(anonymous_0)
FN:46,(anonymous_1)
FN:55,(anonymous_2)
FN:64,(anonymous_3)
FN:66,(anonymous_4)
FNF:5
FNH:4
FNDA:1,(anonymous_0)
FNDA:1,(anonymous_1)
FNDA:2,(anonymous_2)
FNDA:2,(anonymous_3)
FNDA:0,(anonymous_4)
DA:32,1
DA:40,1
DA:47,1
DA:48,1
DA:50,1
DA:51,0
DA:55,1
DA:56,2
DA:57,2
DA:58,2
DA:62,1
DA:64,2
DA:66,0
DA:69,0
DA:71,0
LF:15
LH:11
BRDA:50,0,0,0
BRDA:50,1,0,1
BRDA:50,1,1,1
BRDA:50,1,2,1
BRDA:57,2,0,0
BRDA:62,3,0,1
BRDA:62,3,1,0
BRDA:62,3,2,0
BRDA:62,3,3,0
BRF:9
BRH:4
end_of_record
TN:
SF:src/core/rules/dom-rule.ts
FN:47,(anonymous_0)
FN:71,(anonymous_1)
FNF:2
FNH:2
FNDA:11,(anonymous_0)
FNDA:6,(anonymous_1)
DA:43,2
DA:48,11
DA:49,11
DA:52,11
DA:55,11
DA:56,3
DA:57,0
DA:58,3
DA:59,2
DA:60,1
DA:65,10
DA:66,5
DA:70,5
DA:71,3
DA:72,6
DA:73,6
DA:74,2
DA:76,4
DA:81,2
DA:82,2
DA:85,0
LF:21
LH:19
BRDA:55,0,0,3
BRDA:56,1,0,0
BRDA:56,1,1,3
BRDA:56,2,0,3
BRDA:56,2,1,1
BRDA:58,3,0,2
BRDA:59,4,0,1
BRDA:59,5,0,2
BRDA:59,5,1,2
BRDA:60,6,0,0
BRDA:60,7,0,1
BRDA:60,7,1,1
BRDA:65,8,0,5
BRDA:65,9,0,10
BRDA:65,9,1,8
BRDA:70,10,0,3
BRDA:73,11,0,2
BRDA:74,12,0,2
BRDA:74,12,1,2
BRDA:81,13,0,2
BRDA:81,14,0,2
BRDA:81,14,1,2
BRF:22
BRH:20
end_of_record
TN:
SF:src/core/rules/index.ts
FN:16,registerRuleEngines
FNF:1
FNH:1
FNDA:1,registerRuleEngines
DA:8,1
DA:9,1
DA:10,1
DA:16,1
DA:17,1
DA:18,1
DA:19,1
DA:23,1
DA:24,1
DA:25,1
DA:26,1
LF:11
LH:11
BRF:0
BRH:0
end_of_record
TN:
SF:src/core/rules/route-rule.ts
FN:38,(anonymous_0)
FN:59,(anonymous_1)
FN:68,(anonymous_2)
FNF:3
FNH:2
FNDA:1,(anonymous_0)
FNDA:0,(anonymous_1)
FNDA:1,(anonymous_2)
DA:34,1
DA:39,1
DA:40,1
DA:41,1
DA:42,1
DA:45,1
DA:46,0
DA:47,0
DA:48,0
DA:49,0
DA:52,0
DA:53,0
DA:58,1
DA:59,0
DA:62,1
DA:75,1
DA:76,1
DA:80,0
DA:81,0
DA:85,0
LF:20
LH:10
BRDA:45,0,0,0
BRDA:46,1,0,0
BRDA:46,1,1,0
BRDA:48,2,0,0
BRDA:52,3,0,0
BRDA:58,4,0,0
BRDA:75,5,0,1
BRDA:80,6,0,0
BRF:8
BRH:1
end_of_record
TN:
SF:src/features/detail-page-button.ts
FN:43,(anonymous_1)
FN:82,(anonymous_2)
FN:86,(anonymous_3)
FN:110,(anonymous_4)
FN:118,(anonymous_5)
FNF:5
FNH:4
FNDA:5,(anonymous_1)
FNDA:4,(anonymous_2)
FNDA:4,(anonymous_3)
FNDA:0,(anonymous_4)
FNDA:2,(anonymous_5)
DA:6,2
DA:8,2
DA:31,2
DA:45,5
DA:63,5
DA:71,5
DA:72,5
DA:83,4
DA:86,4
DA:87,4
DA:89,4
DA:95,4
DA:96,4
DA:98,4
DA:99,4
DA:104,4
DA:111,0
DA:120,2
DA:121,1
DA:122,1
DA:123,1
DA:125,1
DA:128,2
LF:23
LH:22
BRDA:43,0,0,0
BRDA:73,1,0,5
BRDA:73,1,1,0
BRDA:74,2,0,5
BRDA:74,2,1,5
BRDA:75,3,0,5
BRDA:75,3,1,1
BRDA:83,4,0,0
BRDA:87,5,0,4
BRDA:87,6,0,4
BRDA:87,6,1,4
BRDA:98,7,0,4
BRDA:98,8,0,4
BRDA:98,8,1,4
BRDA:120,9,0,1
BRDA:122,10,0,1
BRF:16
BRH:13
end_of_record
TN:
SF:src/utils/dom-utils.ts
FN:18,waitForElement
FN:19,(anonymous_1)
FN:28,(anonymous_2)
FN:42,(anonymous_3)
FN:54,createButton
FN:70,(anonymous_5)
FN:88,createSiteStyledButton
FNF:7
FNH:5
FNDA:2,waitForElement
FNDA:2,(anonymous_1)
FNDA:0,(anonymous_2)
FNDA:0,(anonymous_3)
FNDA:2,createButton
FNDA:1,(anonymous_5)
FNDA:2,createSiteStyledButton
DA:18,2
DA:19,2
DA:21,2
DA:22,2
DA:23,2
DA:24,2
DA:28,0
DA:29,0
DA:30,0
DA:31,0
DA:32,0
DA:36,0
DA:42,0
DA:43,0
DA:44,0
DA:54,2
DA:60,2
DA:62,2
DA:63,2
DA:65,2
DA:66,1
DA:70,2
DA:71,1
DA:75,2
DA:76,1
DA:79,2
DA:88,2
DA:93,2
DA:94,2
DA:96,2
DA:98,1
DA:100,1
DA:102,1
DA:104,1
DA:107,2
DA:109,2
DA:110,2
DA:113,2
LF:38
LH:29
BRDA:18,0,0,2
BRDA:22,1,0,2
BRDA:30,2,0,0
BRDA:54,3,0,0
BRDA:56,4,0,0
BRDA:57,5,0,1
BRDA:58,6,0,1
BRDA:59,7,0,1
BRDA:65,8,0,1
BRDA:75,9,0,1
BRDA:96,10,0,1
BRDA:96,10,1,1
BRDA:109,11,0,2
BRF:13
BRH:10
end_of_record
